0 info it worked if it ends with ok
1 verbose cli [ 'C:\\Program Files\\nodejs\\node.exe',
1 verbose cli   'C:\\Program Files\\nodejs\\node_modules\\npm\\bin\\npm-cli.js',
1 verbose cli   'publish' ]
2 info using npm@2.14.12
3 info using node@v4.3.1
4 verbose publish [ '.' ]
5 silly cache add args [ '.', null ]
6 verbose cache add spec .
7 silly cache add parsed spec Result {
7 silly cache add   raw: '.',
7 silly cache add   scope: null,
7 silly cache add   name: null,
7 silly cache add   rawSpec: '.',
7 silly cache add   spec: 'D:\\Develop\\node\\pixelcodec\\micodec',
7 silly cache add   type: 'directory' }
8 verbose addLocalDirectory C:\Users\dmonza\AppData\Roaming\npm-cache\micodec\1.0.0\package.tgz not in flight; packing
9 verbose tar pack [ 'C:\\Users\\dmonza\\AppData\\Roaming\\npm-cache\\micodec\\1.0.0\\package.tgz',
9 verbose tar pack   'D:\\Develop\\node\\pixelcodec\\micodec' ]
10 verbose tarball C:\Users\dmonza\AppData\Roaming\npm-cache\micodec\1.0.0\package.tgz
11 verbose folder D:\Develop\node\pixelcodec\micodec
12 info prepublish micodec@1.0.0
13 verbose addLocalTarball adding from inside cache C:\Users\dmonza\AppData\Roaming\npm-cache\micodec\1.0.0\package.tgz
14 silly cache afterAdd micodec@1.0.0
15 verbose afterAdd C:\Users\dmonza\AppData\Roaming\npm-cache\micodec\1.0.0\package\package.json not in flight; writing
16 verbose afterAdd C:\Users\dmonza\AppData\Roaming\npm-cache\micodec\1.0.0\package\package.json written
17 silly publish { name: 'micodec',
17 silly publish   version: '1.0.0',
17 silly publish   description: 'A picture is worth a thousand words... Literally! Encoding and transfer data through images',
17 silly publish   main: 'MICodec.js',
17 silly publish   scripts: { test: 'echo "Error: no test specified" && exit 1' },
17 silly publish   repository:
17 silly publish    { type: 'git',
17 silly publish      url: 'git+https://github.com/dmonza/MICodec.git' },
17 silly publish   keywords: [ 'codec', 'datatransfer', 'images', 'image', 'digital', 'art' ],
17 silly publish   author: { name: 'Daniel Monza' },
17 silly publish   license: 'GPL-3.0',
17 silly publish   bugs: { url: 'https://github.com/dmonza/MICodec/issues' },
17 silly publish   homepage: 'https://github.com/dmonza/MICodec#readme',
17 silly publish   dependencies: { compression: '^1.6.1', pngjs: '^3.0.0', temp: '^0.8.3' },
17 silly publish   readme: '# MICodec & PixelCodec.com\r\nA picture is worth a thousand words... Literally! Encoding and transfer data through images\r\n\r\n![Encoded Quijote book](https://raw.githubusercontent.com/dmonza/MICodec/master/quijote.png)\r\n\r\nTable of Contents\r\n-----------------\r\n  * [Introduction](#introduction)\r\n  * [Encode a File](#encode)\r\n  * [Decode a File](#decode)\r\n  * [Licence](LICENSE.md)\r\n\r\n## Introduction\r\nI want to introduce to you a project that I published at PixelCoded.com. It is an application that allows you to transfer data - any kind of file - as a picture. To do that, I use the "MICodec" \'codec - sold by sincrum.com - that I\'ve created.\r\nIt started with the idea of creating digital art that could contain – encoded – information about what it represents. You can see an example in the website, in which a picture of "Don Quijote" can be decoded, and becomes the whole book!\r\n\r\nWorking on the idea, I got to the point where I could encode any file to a picture, and vice-versa.\r\nThis could be useful, for example, to send digital works. You could just send the picture from which the whole work could be decoded. Or be used to transfer some files that email servers usually block, or to encrypt sensitive information.\r\nMore and more uses for this codec keep coming up!\r\n\r\nSomething to keep in mind is that some applications, like Whatsapp and Hangouts can "optimize" the picture files being transferred to make them smaller. This will modify the file, and the encoded information will be lost.\r\n\r\nI invite you to test it and give your opinion and feedback at: http://pixelcodec.com\r\n\r\n## Encode a File\r\n```javascript\r\nconst PixerEncode = require("micodec").MIEncode;\r\nvar enc = new PixerEncode();\r\n\r\n// fileToImage( file_in, file_out, friendlyname(normally same as file_in), callback)\r\nenc.fileToImage( "file_in.xls", "file_to.png", "friendlyname.xls", function(){\r\n\tconsole.log( "File encoded!");\r\n} );\r\n```\r\n\r\n## Decode a File\r\n```javascript\r\nconst PixerDecode = require("micodec").MIDecode;\r\nvar dec = new PixerDecode();\r\n\r\n// imageToFile( png_encoded_file, destination_file, callback(err, friendlyname))\r\ndec.imageToFile( "file_to.png", "file_in.xls", (err, name)=>{\r\n\t // name: is the friendly name specified in fileToImage\r\n\t console.log( "File decoded. Friendly name: " + name);\r\n});\r\n```\r\n',
17 silly publish   readmeFilename: 'README.md',
17 silly publish   gitHead: '6f822b07357cb4f7458f5c102f379bd2a5430885',
17 silly publish   _id: 'micodec@1.0.0',
17 silly publish   _shasum: '782495614f1b8be9cb044fa65537fb35114ca79c',
17 silly publish   _from: '.' }
18 verbose getPublishConfig undefined
19 silly mapToRegistry name micodec
20 silly mapToRegistry using default registry
21 silly mapToRegistry registry https://registry.npmjs.org/
22 silly mapToRegistry uri https://registry.npmjs.org/micodec
23 verbose publish registryBase https://registry.npmjs.org/
24 silly publish uploading C:\Users\dmonza\AppData\Roaming\npm-cache\micodec\1.0.0\package.tgz
25 verbose request uri https://registry.npmjs.org/micodec
26 verbose request sending authorization for write operation
27 info attempt registry request try #1 at 21:03:24
28 verbose request using bearer token for auth
29 verbose request id 17295d9c6cdd4794
30 http request PUT https://registry.npmjs.org/micodec
31 http 403 https://registry.npmjs.org/micodec
32 verbose headers { 'content-type': 'application/json',
32 verbose headers   'cache-control': 'max-age=300',
32 verbose headers   'content-length': '95',
32 verbose headers   'accept-ranges': 'bytes',
32 verbose headers   date: 'Thu, 01 Dec 2016 00:03:33 GMT',
32 verbose headers   via: '1.1 varnish',
32 verbose headers   connection: 'keep-alive',
32 verbose headers   'x-served-by': 'cache-iad2644-IAD',
32 verbose headers   'x-cache': 'MISS',
32 verbose headers   'x-cache-hits': '0',
32 verbose headers   'x-timer': 'S1480550610.408906,VS0,VE2741',
32 verbose headers   vary: 'Accept-Encoding' }
33 verbose request invalidating C:\Users\dmonza\AppData\Roaming\npm-cache\registry.npmjs.org\micodec on PUT
34 error publish Failed PUT 403
35 verbose stack Error: "You cannot publish over the previously published version 1.0.0." : micodec
35 verbose stack     at makeError (C:\Program Files\nodejs\node_modules\npm\node_modules\npm-registry-client\lib\request.js:264:12)
35 verbose stack     at CachingRegistryClient.<anonymous> (C:\Program Files\nodejs\node_modules\npm\node_modules\npm-registry-client\lib\request.js:252:14)
35 verbose stack     at Request._callback (C:\Program Files\nodejs\node_modules\npm\node_modules\npm-registry-client\lib\request.js:172:14)
35 verbose stack     at Request.self.callback (C:\Program Files\nodejs\node_modules\npm\node_modules\request\request.js:198:22)
35 verbose stack     at emitTwo (events.js:87:13)
35 verbose stack     at Request.emit (events.js:172:7)
35 verbose stack     at Request.<anonymous> (C:\Program Files\nodejs\node_modules\npm\node_modules\request\request.js:1082:10)
35 verbose stack     at emitOne (events.js:82:20)
35 verbose stack     at Request.emit (events.js:169:7)
35 verbose stack     at IncomingMessage.<anonymous> (C:\Program Files\nodejs\node_modules\npm\node_modules\request\request.js:1009:12)
36 verbose statusCode 403
37 verbose pkgid micodec
38 verbose cwd D:\Develop\node\pixelcodec\micodec
39 error Windows_NT 10.0.14393
40 error argv "C:\\Program Files\\nodejs\\node.exe" "C:\\Program Files\\nodejs\\node_modules\\npm\\bin\\npm-cli.js" "publish"
41 error node v4.3.1
42 error npm  v2.14.12
43 error code E403
44 error "You cannot publish over the previously published version 1.0.0." : micodec
45 error If you need help, you may report this error at:
45 error     <https://github.com/npm/npm/issues>
46 verbose exit [ 1, true ]
